IQ-TREE version 3.1.1 for Linux x86 64-bit built Apr  8 2026
Developed by Bui Quang Minh, Thomas Wong, Nhan Ly-Trong, Huaiyan Ren
Contributed by Lam-Tung Nguyen, Dominik Schrempf, Chris Bielow,
Olga Chernomor, Michael Woodhams, Diep Thi Hoang, Heiko Schmidt

Host:    ha-ThinkPad-E14-Gen-5 (AVX2, FMA3, 31 GB RAM)
Command: /home/ha/miniconda3/envs/thesis/bin/iqtree3 -s data/16.phy -m GTR+I+G --prefix data/16_infer -fast --seed 16
Seed:    16 (Using SPRNG - Scalable Parallel Random Number Generator)
Time:    Fri Apr 10 19:46:24 2026
Kernel:  AVX+FMA - 1 threads (16 CPU cores detected)

HINT: Use -nt option to specify number of threads because your CPU has 16 cores!
HINT: -nt AUTO will automatically determine the best number of threads to use.

Reading alignment file data/16.phy ... Phylip format detected
Alignment most likely contains DNA/RNA sequences
Constructing alignment: done in 0.000405751 secs using 99.81% CPU
Alignment has 30 sequences with 500 columns, 497 distinct patterns
484 parsimony-informative, 11 singleton sites, 5 constant sites
Analyzing sequences: done in 4.99e-05 secs using 98.2% CPU
Checking for duplicate sequences: done in 6.9719e-05 secs using 98.97% CPU

Create initial parsimony tree by phylogenetic likelihood library (PLL)... 0.00 seconds

NOTE: 1 MB RAM (0 GB) is required!
Estimate model parameters (epsilon = 0.50)
1. Initial log-likelihood: -14876.63
2. Current log-likelihood: -14634.99
3. Current log-likelihood: -14621.52
4. Current log-likelihood: -14620.90
Optimal log-likelihood: -14620.51
Rate parameters:  A-C: 1.14587  A-G: 0.97933  A-T: 1.09705  C-G: 1.05572  C-T: 1.11471  G-T: 1.00000
Base frequencies:  A: 0.344  C: 0.186  G: 0.195  T: 0.276
Proportion of invariable sites: 0.001
Gamma shape alpha: 1.046
Parameters optimization took 4 rounds (0.094 sec)
Wrote distance file to... 
Computing ML distances based on estimated model parameters...
Calculating distance matrix: done in 0.00496456 secs using 99.42% CPU
Computing ML distances took 0.005046 sec (of wall-clock time) 0.005017 sec (of CPU time)
WARNING: Some pairwise ML distances are too long (saturated)
Setting up auxiliary I and S matrices: done in 5.0535e-05 secs using 98.94% CPU
Constructing RapidNJ tree: done in 0.000142068 secs using 99.25% CPU
Computing RapidNJ tree took 0.000794 sec (of wall-clock time) 0.000496 sec (of CPU time)
Log-likelihood of RapidNJ tree: -14597.083
--------------------------------------------------------------------
|             INITIALIZING CANDIDATE TREE SET                      |
--------------------------------------------------------------------

Do NNI search on 2 best initial trees
Estimate model parameters (epsilon = 0.500)
BETTER TREE FOUND at iteration 1: -14592.901
Finish initializing candidate tree set (3)
Current best tree score: -14592.901 / CPU time: 0.094
Number of iterations: 2
TREE SEARCH COMPLETED AFTER 2 ITERATIONS / Time: 0h:0m:0s

--------------------------------------------------------------------
|                    FINALIZING TREE SEARCH                        |
--------------------------------------------------------------------
Performs final model parameters optimization
Estimate model parameters (epsilon = 0.050)
1. Initial log-likelihood: -14592.901
Optimal log-likelihood: -14592.856
Rate parameters:  A-C: 1.13884  A-G: 0.97019  A-T: 1.09188  C-G: 1.04977  C-T: 1.11271  G-T: 1.00000
Base frequencies:  A: 0.344  C: 0.186  G: 0.195  T: 0.276
Proportion of invariable sites: 0.000
Gamma shape alpha: 1.022
Parameters optimization took 1 rounds (0.021 sec)
BEST SCORE FOUND : -14592.856
Total tree length: 22.793

Total number of iterations: 2
CPU time used for tree search: 0.092 sec (0h:0m:0s)
Wall-clock time used for tree search: 0.095 sec (0h:0m:0s)
Total CPU time used: 0.265 sec (0h:0m:0s)
Total wall-clock time used: 0.272 sec (0h:0m:0s)

Analysis results written to: 
  IQ-TREE report:                data/16_infer.iqtree
  Maximum-likelihood tree:       data/16_infer.treefile
  Likelihood distances:          data/16_infer.mldist
  Screen log file:               data/16_infer.log

Date and Time: Fri Apr 10 19:46:24 2026
