IQ-TREE version 3.1.1 for Linux x86 64-bit built Apr  8 2026
Developed by Bui Quang Minh, Thomas Wong, Nhan Ly-Trong, Huaiyan Ren
Contributed by Lam-Tung Nguyen, Dominik Schrempf, Chris Bielow,
Olga Chernomor, Michael Woodhams, Diep Thi Hoang, Heiko Schmidt

Host:    ha-ThinkPad-E14-Gen-5 (AVX2, FMA3, 31 GB RAM)
Command: /home/ha/miniconda3/envs/thesis/bin/iqtree3 -s data/3.phy -m GTR+I+G --prefix data/3_infer -fast --seed 3
Seed:    3 (Using SPRNG - Scalable Parallel Random Number Generator)
Time:    Fri Apr 10 19:46:19 2026
Kernel:  AVX+FMA - 1 threads (16 CPU cores detected)

HINT: Use -nt option to specify number of threads because your CPU has 16 cores!
HINT: -nt AUTO will automatically determine the best number of threads to use.

Reading alignment file data/3.phy ... Phylip format detected
Alignment most likely contains DNA/RNA sequences
Constructing alignment: done in 0.000527357 secs using 25.03% CPU
Alignment has 30 sequences with 500 columns, 488 distinct patterns
465 parsimony-informative, 21 singleton sites, 14 constant sites
Analyzing sequences: done in 5.0544e-05 secs
Checking for duplicate sequences: done in 8.7338e-05 secs

Create initial parsimony tree by phylogenetic likelihood library (PLL)... 0.01 seconds

NOTE: 1 MB RAM (0 GB) is required!
Estimate model parameters (epsilon = 0.50)
1. Initial log-likelihood: -14105.36
2. Current log-likelihood: -13901.77
3. Current log-likelihood: -13890.47
Optimal log-likelihood: -13889.89
Rate parameters:  A-C: 0.75239  A-G: 0.76349  A-T: 0.83335  C-G: 0.88903  C-T: 0.85453  G-T: 1.00000
Base frequencies:  A: 0.353  C: 0.273  G: 0.135  T: 0.239
Proportion of invariable sites: 0.009
Gamma shape alpha: 1.019
Parameters optimization took 3 rounds (0.226 sec)
Wrote distance file to... 
Computing ML distances based on estimated model parameters...
Calculating distance matrix: done in 0.0178539 secs using 99.97% CPU
Computing ML distances took 0.018323 sec (of wall-clock time) 0.018327 sec (of CPU time)
WARNING: Some pairwise ML distances are too long (saturated)
Setting up auxiliary I and S matrices: done in 0.00021812 secs using 199.9% CPU
Constructing RapidNJ tree: done in 0.00056652 secs using 99.56% CPU
Computing RapidNJ tree took 0.000959 sec (of wall-clock time) 0.001177 sec (of CPU time)
Log-likelihood of RapidNJ tree: -13863.141
--------------------------------------------------------------------
|             INITIALIZING CANDIDATE TREE SET                      |
--------------------------------------------------------------------

Do NNI search on 2 best initial trees
Estimate model parameters (epsilon = 0.500)
BETTER TREE FOUND at iteration 1: -13860.465
Finish initializing candidate tree set (3)
Current best tree score: -13860.465 / CPU time: 0.178
Number of iterations: 2
TREE SEARCH COMPLETED AFTER 2 ITERATIONS / Time: 0h:0m:0s

--------------------------------------------------------------------
|                    FINALIZING TREE SEARCH                        |
--------------------------------------------------------------------
Performs final model parameters optimization
Estimate model parameters (epsilon = 0.050)
1. Initial log-likelihood: -13860.465
Optimal log-likelihood: -13860.440
Rate parameters:  A-C: 0.74242  A-G: 0.77324  A-T: 0.84326  C-G: 0.88585  C-T: 0.84763  G-T: 1.00000
Base frequencies:  A: 0.353  C: 0.273  G: 0.135  T: 0.239
Proportion of invariable sites: 0.008
Gamma shape alpha: 0.992
Parameters optimization took 1 rounds (0.008 sec)
BEST SCORE FOUND : -13860.440
Total tree length: 20.743

Total number of iterations: 2
CPU time used for tree search: 0.177 sec (0h:0m:0s)
Wall-clock time used for tree search: 0.178 sec (0h:0m:0s)
Total CPU time used: 0.513 sec (0h:0m:0s)
Total wall-clock time used: 0.523 sec (0h:0m:0s)

Analysis results written to: 
  IQ-TREE report:                data/3_infer.iqtree
  Maximum-likelihood tree:       data/3_infer.treefile
  Likelihood distances:          data/3_infer.mldist
  Screen log file:               data/3_infer.log

Date and Time: Fri Apr 10 19:46:19 2026
