IQ-TREE version 3.1.1 for Linux x86 64-bit built Apr  8 2026
Developed by Bui Quang Minh, Thomas Wong, Nhan Ly-Trong, Huaiyan Ren
Contributed by Lam-Tung Nguyen, Dominik Schrempf, Chris Bielow,
Olga Chernomor, Michael Woodhams, Diep Thi Hoang, Heiko Schmidt

Host:    ha-ThinkPad-E14-Gen-5 (AVX2, FMA3, 31 GB RAM)
Command: /home/ha/miniconda3/envs/thesis/bin/iqtree3 -s data/1.phy -m GTR+I+G --prefix data/1_infer -fast --seed 1
Seed:    1 (Using SPRNG - Scalable Parallel Random Number Generator)
Time:    Fri Apr 10 19:46:18 2026
Kernel:  AVX+FMA - 1 threads (16 CPU cores detected)

HINT: Use -nt option to specify number of threads because your CPU has 16 cores!
HINT: -nt AUTO will automatically determine the best number of threads to use.

Reading alignment file data/1.phy ... Phylip format detected
Alignment most likely contains DNA/RNA sequences
Constructing alignment: done in 0.00168645 secs using 39.79% CPU
Alignment has 30 sequences with 500 columns, 492 distinct patterns
468 parsimony-informative, 23 singleton sites, 9 constant sites
Analyzing sequences: done in 0.00011264 secs using 48.83% CPU
Checking for duplicate sequences: done in 0.000209799 secs using 88.18% CPU

Create initial parsimony tree by phylogenetic likelihood library (PLL)... 0.00 seconds

NOTE: 1 MB RAM (0 GB) is required!
Estimate model parameters (epsilon = 0.50)
1. Initial log-likelihood: -14464.16
2. Current log-likelihood: -14292.22
3. Current log-likelihood: -14282.41
4. Current log-likelihood: -14281.80
Optimal log-likelihood: -14281.46
Rate parameters:  A-C: 0.92279  A-G: 0.96478  A-T: 0.94022  C-G: 0.85691  C-T: 0.84545  G-T: 1.00000
Base frequencies:  A: 0.356  C: 0.225  G: 0.214  T: 0.204
Proportion of invariable sites: 0.002
Gamma shape alpha: 1.022
Parameters optimization took 4 rounds (0.090 sec)
Wrote distance file to... 
Computing ML distances based on estimated model parameters...
Calculating distance matrix: done in 0.00412673 secs using 99.64% CPU
Computing ML distances took 0.004219 sec (of wall-clock time) 0.004203 sec (of CPU time)
Setting up auxiliary I and S matrices: done in 5.7991e-05 secs using 100% CPU
Constructing RapidNJ tree: done in 0.000163397 secs using 99.76% CPU
Computing RapidNJ tree took 0.000460 sec (of wall-clock time) 0.000672 sec (of CPU time)
Log-likelihood of RapidNJ tree: -14282.433
--------------------------------------------------------------------
|             INITIALIZING CANDIDATE TREE SET                      |
--------------------------------------------------------------------

Do NNI search on 2 best initial trees
Estimate model parameters (epsilon = 0.500)
BETTER TREE FOUND at iteration 1: -14278.301
Finish initializing candidate tree set (3)
Current best tree score: -14278.301 / CPU time: 0.050
Number of iterations: 2
TREE SEARCH COMPLETED AFTER 2 ITERATIONS / Time: 0h:0m:0s

--------------------------------------------------------------------
|                    FINALIZING TREE SEARCH                        |
--------------------------------------------------------------------
Performs final model parameters optimization
Estimate model parameters (epsilon = 0.050)
1. Initial log-likelihood: -14278.301
Optimal log-likelihood: -14278.259
Rate parameters:  A-C: 0.92081  A-G: 0.96292  A-T: 0.93938  C-G: 0.85686  C-T: 0.84519  G-T: 1.00000
Base frequencies:  A: 0.356  C: 0.225  G: 0.214  T: 0.204
Proportion of invariable sites: 0.001
Gamma shape alpha: 1.013
Parameters optimization took 1 rounds (0.012 sec)
BEST SCORE FOUND : -14278.259
Total tree length: 18.491

Total number of iterations: 2
CPU time used for tree search: 0.049 sec (0h:0m:0s)
Wall-clock time used for tree search: 0.050 sec (0h:0m:0s)
Total CPU time used: 0.188 sec (0h:0m:0s)
Total wall-clock time used: 0.194 sec (0h:0m:0s)

Analysis results written to: 
  IQ-TREE report:                data/1_infer.iqtree
  Maximum-likelihood tree:       data/1_infer.treefile
  Likelihood distances:          data/1_infer.mldist
  Screen log file:               data/1_infer.log

Date and Time: Fri Apr 10 19:46:18 2026
