IQ-TREE version 3.1.1 for Linux x86 64-bit built Apr  8 2026
Developed by Bui Quang Minh, Thomas Wong, Nhan Ly-Trong, Huaiyan Ren
Contributed by Lam-Tung Nguyen, Dominik Schrempf, Chris Bielow,
Olga Chernomor, Michael Woodhams, Diep Thi Hoang, Heiko Schmidt

Host:    ha-ThinkPad-E14-Gen-5 (AVX2, FMA3, 31 GB RAM)
Command: /home/ha/miniconda3/envs/thesis/bin/iqtree3 -s data/10.phy -m GTR+I+G --prefix data/10_infer -fast --seed 10
Seed:    10 (Using SPRNG - Scalable Parallel Random Number Generator)
Time:    Fri Apr 10 19:46:22 2026
Kernel:  AVX+FMA - 1 threads (16 CPU cores detected)

HINT: Use -nt option to specify number of threads because your CPU has 16 cores!
HINT: -nt AUTO will automatically determine the best number of threads to use.

Reading alignment file data/10.phy ... Phylip format detected
Alignment most likely contains DNA/RNA sequences
Constructing alignment: done in 0.000344032 secs using 56.97% CPU
Alignment has 30 sequences with 500 columns, 487 distinct patterns
470 parsimony-informative, 16 singleton sites, 14 constant sites
Analyzing sequences: done in 2.885e-05 secs using 100.5% CPU
Checking for duplicate sequences: done in 6.3748e-05 secs using 98.83% CPU

Create initial parsimony tree by phylogenetic likelihood library (PLL)... 0.00 seconds

NOTE: 1 MB RAM (0 GB) is required!
Estimate model parameters (epsilon = 0.50)
1. Initial log-likelihood: -13875.23
2. Current log-likelihood: -13699.03
3. Current log-likelihood: -13692.04
Optimal log-likelihood: -13691.83
Rate parameters:  A-C: 1.02470  A-G: 1.05185  A-T: 1.02617  C-G: 0.89649  C-T: 0.97130  G-T: 1.00000
Base frequencies:  A: 0.262  C: 0.339  G: 0.241  T: 0.159
Proportion of invariable sites: 0.006
Gamma shape alpha: 1.051
Parameters optimization took 3 rounds (0.073 sec)
Wrote distance file to... 
Computing ML distances based on estimated model parameters...
Calculating distance matrix: done in 0.00209505 secs using 98.9% CPU
Computing ML distances took 0.002181 sec (of wall-clock time) 0.002155 sec (of CPU time)
Setting up auxiliary I and S matrices: done in 4.4884e-05 secs using 93.57% CPU
Constructing RapidNJ tree: done in 0.000120694 secs using 251% CPU
Computing RapidNJ tree took 0.000208 sec (of wall-clock time) 0.000385 sec (of CPU time)
Log-likelihood of RapidNJ tree: -13689.528
--------------------------------------------------------------------
|             INITIALIZING CANDIDATE TREE SET                      |
--------------------------------------------------------------------

Do NNI search on 2 best initial trees
Estimate model parameters (epsilon = 0.500)
BETTER TREE FOUND at iteration 1: -13677.467
Finish initializing candidate tree set (3)
Current best tree score: -13677.467 / CPU time: 0.072
Number of iterations: 2
TREE SEARCH COMPLETED AFTER 2 ITERATIONS / Time: 0h:0m:0s

--------------------------------------------------------------------
|                    FINALIZING TREE SEARCH                        |
--------------------------------------------------------------------
Performs final model parameters optimization
Estimate model parameters (epsilon = 0.050)
1. Initial log-likelihood: -13677.467
Optimal log-likelihood: -13677.436
Rate parameters:  A-C: 1.02372  A-G: 1.04139  A-T: 1.03075  C-G: 0.89544  C-T: 0.96563  G-T: 1.00000
Base frequencies:  A: 0.262  C: 0.339  G: 0.241  T: 0.159
Proportion of invariable sites: 0.005
Gamma shape alpha: 1.053
Parameters optimization took 1 rounds (0.008 sec)
BEST SCORE FOUND : -13677.436
Total tree length: 16.183

Total number of iterations: 2
CPU time used for tree search: 0.072 sec (0h:0m:0s)
Wall-clock time used for tree search: 0.072 sec (0h:0m:0s)
Total CPU time used: 0.189 sec (0h:0m:0s)
Total wall-clock time used: 0.191 sec (0h:0m:0s)

Analysis results written to: 
  IQ-TREE report:                data/10_infer.iqtree
  Maximum-likelihood tree:       data/10_infer.treefile
  Likelihood distances:          data/10_infer.mldist
  Screen log file:               data/10_infer.log

Date and Time: Fri Apr 10 19:46:22 2026
