
RAxML-NG v. 1.2.2 released on 11.04.2024 by The Exelixis Lab.
Developed by: Alexey M. Kozlov and Alexandros Stamatakis.
Contributors: Diego Darriba, Tomas Flouri, Benoit Morel, Sarah Lutteropp, Ben Bettisworth, Julia Haag, Anastasis Togkousidis.
Latest version: https://github.com/amkozlov/raxml-ng
Questions/problems/suggestions? Please visit: https://groups.google.com/forum/#!forum/raxml

System: 13th Gen Intel(R) Core(TM) i5-13500H, 12 cores, 31 GB RAM (allocated: 8 physical cores)

RAxML-NG was called at 10-Apr-2026 19:55:29 as follows:

raxml-ng --evaluate --msa data/9.phy --tree data/9_tmp.tre --model GTR+I+G --prefix data/9_opt --threads 1 --force perf_threads

Analysis options:
  run mode: Evaluate tree likelihood
  start tree(s): user
  random seed: 1775825729
  tip-inner: OFF
  pattern compression: ON
  per-rate scalers: OFF
  site repeats: ON
  logLH epsilon: general: 0.100000, brlen-triplet: 1000.000000
  branch lengths: proportional (ML estimate, algorithm: NR-FAST)
  SIMD kernels: AVX2
  parallelization: coarse-grained (auto), NONE/sequential

WARNING: Running in FORCE mode: some safety checks are disabled!

[00:00:00] Reading alignment from file: data/9.phy
[00:00:00] Loaded alignment with 30 taxa and 500 sites

Alignment comprises 1 partitions and 497 patterns

Partition 0: noname
Model: GTR+FO+I+G4m
Alignment sites / patterns: 500 / 497
Gaps: 0.00 %
Invariant sites: 1.00 %


NOTE: Binary MSA file created: data/9_opt.raxml.rba

Parallelization scheme autoconfig: 1 worker(s) x 1 thread(s)

[00:00:00] Loading user starting tree(s) from: data/9_tmp.tre
Parallel reduction/worker buffer size: 1 KB  / 0 KB

[00:00:00] Data distribution: max. partitions/sites/weight per thread: 1 / 497 / 7952
[00:00:00] Data distribution: max. searches per worker: 1

Evaluating 1 trees

[00:00:00] Tree #1, initial LogLikelihood: -21063.729071

[00:00:00 -21063.729071] Initial branch length optimization
[00:00:00 -17751.932996] Model parameter optimization (eps = 0.100000)

[00:00:00] Tree #1, final logLikelihood: -17707.121225


Optimized model parameters:

   Partition 0: noname
   Rate heterogeneity: GAMMA (4 cats, mean),  alpha: 0.844092 (ML),  weights&rates: (0.250000,0.104901) (0.250000,0.424298) (0.250000,0.968461) (0.250000,2.502340) 
   P-inv (ML): 0.009543
   Base frequencies (ML): 0.268942 0.274960 0.213390 0.242709 
   Substitution rates (ML): 0.838969 0.993424 0.852668 1.123731 0.834254 1.000000 


Final LogLikelihood: -17707.121225

AIC score: 35548.242450 / AICc score: 35569.335043 / BIC score: 35830.621193
Free parameters (model + branch lengths): 67

WARNING: Best ML tree contains 15 near-zero branches!

Best ML tree with collapsed near-zero branches saved to: /home/ha/Code/final_thesis/data/9_opt.raxml.bestTreeCollapsed
Best ML tree saved to: /home/ha/Code/final_thesis/data/9_opt.raxml.bestTree
Optimized model saved to: /home/ha/Code/final_thesis/data/9_opt.raxml.bestModel

Execution log saved to: /home/ha/Code/final_thesis/data/9_opt.raxml.log

Analysis started: 10-Apr-2026 19:55:29 / finished: 10-Apr-2026 19:55:29

Elapsed time: 0.288 seconds

