IQ-TREE version 3.1.1 for Linux x86 64-bit built Apr  8 2026
Developed by Bui Quang Minh, Thomas Wong, Nhan Ly-Trong, Huaiyan Ren
Contributed by Lam-Tung Nguyen, Dominik Schrempf, Chris Bielow,
Olga Chernomor, Michael Woodhams, Diep Thi Hoang, Heiko Schmidt

Host:    ha-ThinkPad-E14-Gen-5 (AVX2, FMA3, 31 GB RAM)
Command: /home/ha/miniconda3/envs/thesis/bin/iqtree3 -s data/4.phy -m GTR+I+G --prefix data/4_infer -fast --seed 4
Seed:    4 (Using SPRNG - Scalable Parallel Random Number Generator)
Time:    Fri Apr 10 19:46:19 2026
Kernel:  AVX+FMA - 1 threads (16 CPU cores detected)

HINT: Use -nt option to specify number of threads because your CPU has 16 cores!
HINT: -nt AUTO will automatically determine the best number of threads to use.

Reading alignment file data/4.phy ... Phylip format detected
Alignment most likely contains DNA/RNA sequences
Constructing alignment: done in 0.00171484 secs using 58.78% CPU
Alignment has 30 sequences with 500 columns, 495 distinct patterns
473 parsimony-informative, 18 singleton sites, 9 constant sites
Analyzing sequences: done in 0.000205668 secs using 98.22% CPU
Checking for duplicate sequences: done in 0.000259626 secs using 46.22% CPU

Create initial parsimony tree by phylogenetic likelihood library (PLL)... 0.00 seconds

NOTE: 1 MB RAM (0 GB) is required!
Estimate model parameters (epsilon = 0.50)
1. Initial log-likelihood: -14551.38
2. Current log-likelihood: -14341.92
3. Current log-likelihood: -14333.03
Optimal log-likelihood: -14332.72
Rate parameters:  A-C: 0.99673  A-G: 1.04153  A-T: 1.07397  C-G: 1.16041  C-T: 1.04416  G-T: 1.00000
Base frequencies:  A: 0.265  C: 0.220  G: 0.197  T: 0.317
Proportion of invariable sites: 0.004
Gamma shape alpha: 1.068
Parameters optimization took 3 rounds (0.173 sec)
Wrote distance file to... 
Computing ML distances based on estimated model parameters...
Calculating distance matrix: done in 0.00293025 secs using 98.93% CPU
Computing ML distances took 0.002994 sec (of wall-clock time) 0.002961 sec (of CPU time)
WARNING: Some pairwise ML distances are too long (saturated)
Setting up auxiliary I and S matrices: done in 5.6356e-05 secs using 97.59% CPU
Constructing RapidNJ tree: done in 0.000155689 secs using 20.55% CPU
Computing RapidNJ tree took 0.000356 sec (of wall-clock time) 0.000126 sec (of CPU time)
Log-likelihood of RapidNJ tree: -14313.228
--------------------------------------------------------------------
|             INITIALIZING CANDIDATE TREE SET                      |
--------------------------------------------------------------------

Do NNI search on 2 best initial trees
Estimate model parameters (epsilon = 0.500)
BETTER TREE FOUND at iteration 1: -14307.263
Finish initializing candidate tree set (3)
Current best tree score: -14307.263 / CPU time: 0.159
Number of iterations: 2
TREE SEARCH COMPLETED AFTER 2 ITERATIONS / Time: 0h:0m:0s

--------------------------------------------------------------------
|                    FINALIZING TREE SEARCH                        |
--------------------------------------------------------------------
Performs final model parameters optimization
Estimate model parameters (epsilon = 0.050)
1. Initial log-likelihood: -14307.263
2. Current log-likelihood: -14307.200
Optimal log-likelihood: -14307.160
Rate parameters:  A-C: 0.99283  A-G: 1.03558  A-T: 1.06208  C-G: 1.16829  C-T: 1.04041  G-T: 1.00000
Base frequencies:  A: 0.265  C: 0.220  G: 0.197  T: 0.317
Proportion of invariable sites: 0.002
Gamma shape alpha: 1.021
Parameters optimization took 2 rounds (0.018 sec)
BEST SCORE FOUND : -14307.160
Total tree length: 18.621

Total number of iterations: 2
CPU time used for tree search: 0.157 sec (0h:0m:0s)
Wall-clock time used for tree search: 0.159 sec (0h:0m:0s)
Total CPU time used: 0.384 sec (0h:0m:0s)
Total wall-clock time used: 0.395 sec (0h:0m:0s)

Analysis results written to: 
  IQ-TREE report:                data/4_infer.iqtree
  Maximum-likelihood tree:       data/4_infer.treefile
  Likelihood distances:          data/4_infer.mldist
  Screen log file:               data/4_infer.log

Date and Time: Fri Apr 10 19:46:20 2026
