
RAxML-NG v. 1.2.2 released on 11.04.2024 by The Exelixis Lab.
Developed by: Alexey M. Kozlov and Alexandros Stamatakis.
Contributors: Diego Darriba, Tomas Flouri, Benoit Morel, Sarah Lutteropp, Ben Bettisworth, Julia Haag, Anastasis Togkousidis.
Latest version: https://github.com/amkozlov/raxml-ng
Questions/problems/suggestions? Please visit: https://groups.google.com/forum/#!forum/raxml

System: 13th Gen Intel(R) Core(TM) i5-13500H, 12 cores, 31 GB RAM (allocated: 8 physical cores)

RAxML-NG was called at 10-Apr-2026 19:55:28 as follows:

raxml-ng --evaluate --msa data/6.phy --tree data/6_tmp.tre --model GTR+I+G --prefix data/6_opt --threads 1 --force perf_threads

Analysis options:
  run mode: Evaluate tree likelihood
  start tree(s): user
  random seed: 1775825728
  tip-inner: OFF
  pattern compression: ON
  per-rate scalers: OFF
  site repeats: ON
  logLH epsilon: general: 0.100000, brlen-triplet: 1000.000000
  branch lengths: proportional (ML estimate, algorithm: NR-FAST)
  SIMD kernels: AVX2
  parallelization: coarse-grained (auto), NONE/sequential

WARNING: Running in FORCE mode: some safety checks are disabled!

[00:00:00] Reading alignment from file: data/6.phy
[00:00:00] Loaded alignment with 30 taxa and 500 sites

Alignment comprises 1 partitions and 491 patterns

Partition 0: noname
Model: GTR+FO+I+G4m
Alignment sites / patterns: 500 / 491
Gaps: 0.00 %
Invariant sites: 2.20 %


NOTE: Binary MSA file created: data/6_opt.raxml.rba

Parallelization scheme autoconfig: 1 worker(s) x 1 thread(s)

[00:00:00] Loading user starting tree(s) from: data/6_tmp.tre
Parallel reduction/worker buffer size: 1 KB  / 0 KB

[00:00:00] Data distribution: max. partitions/sites/weight per thread: 1 / 491 / 7856
[00:00:00] Data distribution: max. searches per worker: 1

Evaluating 1 trees

[00:00:00] Tree #1, initial LogLikelihood: -18724.728954

[00:00:00 -18724.728954] Initial branch length optimization
[00:00:00 -16832.562217] Model parameter optimization (eps = 0.100000)

[00:00:00] Tree #1, final logLikelihood: -16361.359935


Optimized model parameters:

   Partition 0: noname
   Rate heterogeneity: GAMMA (4 cats, mean),  alpha: 0.940837 (ML),  weights&rates: (0.250000,0.125003) (0.250000,0.458217) (0.250000,0.989461) (0.250000,2.427319) 
   P-inv (ML): 0.020551
   Base frequencies (ML): 0.271907 0.379742 0.146897 0.201454 
   Substitution rates (ML): 1.008443 0.957231 0.955503 1.072915 1.132643 1.000000 


Final LogLikelihood: -16361.359935

AIC score: 32856.719869 / AICc score: 32877.812462 / BIC score: 33139.098612
Free parameters (model + branch lengths): 67

WARNING: Best ML tree contains 17 near-zero branches!

Best ML tree with collapsed near-zero branches saved to: /home/ha/Code/final_thesis/data/6_opt.raxml.bestTreeCollapsed
Best ML tree saved to: /home/ha/Code/final_thesis/data/6_opt.raxml.bestTree
Optimized model saved to: /home/ha/Code/final_thesis/data/6_opt.raxml.bestModel

Execution log saved to: /home/ha/Code/final_thesis/data/6_opt.raxml.log

Analysis started: 10-Apr-2026 19:55:28 / finished: 10-Apr-2026 19:55:28

Elapsed time: 0.376 seconds

