IQ-TREE version 3.1.1 for Linux x86 64-bit built Apr  8 2026
Developed by Bui Quang Minh, Thomas Wong, Nhan Ly-Trong, Huaiyan Ren
Contributed by Lam-Tung Nguyen, Dominik Schrempf, Chris Bielow,
Olga Chernomor, Michael Woodhams, Diep Thi Hoang, Heiko Schmidt

Host:    ha-ThinkPad-E14-Gen-5 (AVX2, FMA3, 31 GB RAM)
Command: /home/ha/miniconda3/envs/thesis/bin/iqtree3 -s data/14.phy -m GTR+I+G --prefix data/14_infer -fast --seed 14
Seed:    14 (Using SPRNG - Scalable Parallel Random Number Generator)
Time:    Thu Apr  9 22:03:50 2026
Kernel:  AVX+FMA - 1 threads (16 CPU cores detected)

HINT: Use -nt option to specify number of threads because your CPU has 16 cores!
HINT: -nt AUTO will automatically determine the best number of threads to use.

Reading alignment file data/14.phy ... Phylip format detected
Alignment most likely contains DNA/RNA sequences
Constructing alignment: done in 0.000241352 secs using 99.03% CPU
Alignment has 30 sequences with 500 columns, 489 distinct patterns
471 parsimony-informative, 18 singleton sites, 11 constant sites
Analyzing sequences: done in 1.733e-05 secs using 98.1% CPU
Checking for duplicate sequences: done in 4.6016e-05 secs using 99.97% CPU

Create initial parsimony tree by phylogenetic likelihood library (PLL)... 0.00 seconds

NOTE: 1 MB RAM (0 GB) is required!
Estimate model parameters (epsilon = 0.50)
1. Initial log-likelihood: -14273.60
2. Current log-likelihood: -14078.63
3. Current log-likelihood: -14068.30
Optimal log-likelihood: -14067.68
Rate parameters:  A-C: 1.11907  A-G: 1.00974  A-T: 1.17442  C-G: 1.10936  C-T: 1.17800  G-T: 1.00000
Base frequencies:  A: 0.343  C: 0.176  G: 0.182  T: 0.299
Proportion of invariable sites: 0.006
Gamma shape alpha: 1.089
Parameters optimization took 3 rounds (0.056 sec)
Wrote distance file to... 
Computing ML distances based on estimated model parameters...
Calculating distance matrix: done in 0.00318194 secs using 99.69% CPU
Computing ML distances took 0.003258 sec (of wall-clock time) 0.003249 sec (of CPU time)
Setting up auxiliary I and S matrices: done in 5.2681e-05 secs using 98.71% CPU
Constructing RapidNJ tree: done in 0.000148727 secs using 99.51% CPU
Computing RapidNJ tree took 0.000245 sec (of wall-clock time) 0.000245 sec (of CPU time)
Log-likelihood of RapidNJ tree: -14021.070
--------------------------------------------------------------------
|             INITIALIZING CANDIDATE TREE SET                      |
--------------------------------------------------------------------

Do NNI search on 2 best initial trees
Estimate model parameters (epsilon = 0.500)
BETTER TREE FOUND at iteration 1: -14017.088
Finish initializing candidate tree set (3)
Current best tree score: -14017.088 / CPU time: 0.081
Number of iterations: 2
TREE SEARCH COMPLETED AFTER 2 ITERATIONS / Time: 0h:0m:0s

--------------------------------------------------------------------
|                    FINALIZING TREE SEARCH                        |
--------------------------------------------------------------------
Performs final model parameters optimization
Estimate model parameters (epsilon = 0.050)
1. Initial log-likelihood: -14017.088
2. Current log-likelihood: -14017.020
Optimal log-likelihood: -14016.986
Rate parameters:  A-C: 1.09374  A-G: 0.97737  A-T: 1.13713  C-G: 1.08182  C-T: 1.15878  G-T: 1.00000
Base frequencies:  A: 0.343  C: 0.176  G: 0.182  T: 0.299
Proportion of invariable sites: 0.004
Gamma shape alpha: 1.055
Parameters optimization took 2 rounds (0.023 sec)
BEST SCORE FOUND : -14016.986
Total tree length: 18.361

Total number of iterations: 2
CPU time used for tree search: 0.080 sec (0h:0m:0s)
Wall-clock time used for tree search: 0.081 sec (0h:0m:0s)
Total CPU time used: 0.189 sec (0h:0m:0s)
Total wall-clock time used: 0.191 sec (0h:0m:0s)

Analysis results written to: 
  IQ-TREE report:                data/14_infer.iqtree
  Maximum-likelihood tree:       data/14_infer.treefile
  Likelihood distances:          data/14_infer.mldist
  Screen log file:               data/14_infer.log

Date and Time: Thu Apr  9 22:03:50 2026
