IQ-TREE version 3.1.1 for Linux x86 64-bit built Apr  8 2026
Developed by Bui Quang Minh, Thomas Wong, Nhan Ly-Trong, Huaiyan Ren
Contributed by Lam-Tung Nguyen, Dominik Schrempf, Chris Bielow,
Olga Chernomor, Michael Woodhams, Diep Thi Hoang, Heiko Schmidt

Host:    ha-ThinkPad-E14-Gen-5 (AVX2, FMA3, 31 GB RAM)
Command: /home/ha/miniconda3/envs/thesis/bin/iqtree3 -s data/16.phy -m GTR+I+G --prefix data/16_infer -fast --seed 16
Seed:    16 (Using SPRNG - Scalable Parallel Random Number Generator)
Time:    Thu Apr  9 22:03:51 2026
Kernel:  AVX+FMA - 1 threads (16 CPU cores detected)

HINT: Use -nt option to specify number of threads because your CPU has 16 cores!
HINT: -nt AUTO will automatically determine the best number of threads to use.

Reading alignment file data/16.phy ... Phylip format detected
Alignment most likely contains DNA/RNA sequences
Constructing alignment: done in 0.000227495 secs using 32.97% CPU
Alignment has 30 sequences with 500 columns, 493 distinct patterns
473 parsimony-informative, 20 singleton sites, 7 constant sites
Analyzing sequences: done in 1.9634e-05 secs using 30.56% CPU
Checking for duplicate sequences: done in 4.2351e-05 secs using 33.06% CPU

Create initial parsimony tree by phylogenetic likelihood library (PLL)... 0.00 seconds

NOTE: 1 MB RAM (0 GB) is required!
Estimate model parameters (epsilon = 0.50)
1. Initial log-likelihood: -14448.15
2. Current log-likelihood: -14213.01
3. Current log-likelihood: -14200.62
4. Current log-likelihood: -14199.60
Optimal log-likelihood: -14199.33
Rate parameters:  A-C: 0.97343  A-G: 0.98913  A-T: 1.03995  C-G: 1.12548  C-T: 0.85275  G-T: 1.00000
Base frequencies:  A: 0.329  C: 0.191  G: 0.193  T: 0.287
Proportion of invariable sites: 0.002
Gamma shape alpha: 1.130
Parameters optimization took 4 rounds (0.072 sec)
Wrote distance file to... 
Computing ML distances based on estimated model parameters...
Calculating distance matrix: done in 0.0030003 secs using 99.16% CPU
Computing ML distances took 0.003076 sec (of wall-clock time) 0.003052 sec (of CPU time)
WARNING: Some pairwise ML distances are too long (saturated)
Setting up auxiliary I and S matrices: done in 5.3681e-05 secs using 100.6% CPU
Constructing RapidNJ tree: done in 0.000137842 secs using 100.1% CPU
Computing RapidNJ tree took 0.000240 sec (of wall-clock time) 0.000521 sec (of CPU time)
Log-likelihood of RapidNJ tree: -14173.577
--------------------------------------------------------------------
|             INITIALIZING CANDIDATE TREE SET                      |
--------------------------------------------------------------------

Do NNI search on 2 best initial trees
Estimate model parameters (epsilon = 0.500)
BETTER TREE FOUND at iteration 1: -14173.034
Finish initializing candidate tree set (3)
Current best tree score: -14173.034 / CPU time: 0.102
Number of iterations: 2
TREE SEARCH COMPLETED AFTER 2 ITERATIONS / Time: 0h:0m:0s

--------------------------------------------------------------------
|                    FINALIZING TREE SEARCH                        |
--------------------------------------------------------------------
Performs final model parameters optimization
Estimate model parameters (epsilon = 0.050)
1. Initial log-likelihood: -14173.034
Optimal log-likelihood: -14173.010
Rate parameters:  A-C: 0.96470  A-G: 0.97628  A-T: 1.04064  C-G: 1.12388  C-T: 0.84679  G-T: 1.00000
Base frequencies:  A: 0.329  C: 0.191  G: 0.193  T: 0.287
Proportion of invariable sites: 0.001
Gamma shape alpha: 1.118
Parameters optimization took 1 rounds (0.009 sec)
BEST SCORE FOUND : -14173.010
Total tree length: 19.299

Total number of iterations: 2
CPU time used for tree search: 0.102 sec (0h:0m:0s)
Wall-clock time used for tree search: 0.102 sec (0h:0m:0s)
Total CPU time used: 0.214 sec (0h:0m:0s)
Total wall-clock time used: 0.216 sec (0h:0m:0s)

Analysis results written to: 
  IQ-TREE report:                data/16_infer.iqtree
  Maximum-likelihood tree:       data/16_infer.treefile
  Likelihood distances:          data/16_infer.mldist
  Screen log file:               data/16_infer.log

Date and Time: Thu Apr  9 22:03:51 2026
