IQ-TREE version 3.1.1 for Linux x86 64-bit built Apr  8 2026
Developed by Bui Quang Minh, Thomas Wong, Nhan Ly-Trong, Huaiyan Ren
Contributed by Lam-Tung Nguyen, Dominik Schrempf, Chris Bielow,
Olga Chernomor, Michael Woodhams, Diep Thi Hoang, Heiko Schmidt

Host:    ha-ThinkPad-E14-Gen-5 (AVX2, FMA3, 31 GB RAM)
Command: /home/ha/miniconda3/envs/thesis/bin/iqtree3 -s data/18.phy -m GTR+I+G --prefix data/18_infer -fast --seed 18
Seed:    18 (Using SPRNG - Scalable Parallel Random Number Generator)
Time:    Fri Apr 10 19:46:25 2026
Kernel:  AVX+FMA - 1 threads (16 CPU cores detected)

HINT: Use -nt option to specify number of threads because your CPU has 16 cores!
HINT: -nt AUTO will automatically determine the best number of threads to use.

Reading alignment file data/18.phy ... Phylip format detected
Alignment most likely contains DNA/RNA sequences
Constructing alignment: done in 0.00042771 secs using 47.46% CPU
Alignment has 30 sequences with 500 columns, 493 distinct patterns
476 parsimony-informative, 14 singleton sites, 10 constant sites
Analyzing sequences: done in 4.7466e-05 secs using 99.02% CPU
Checking for duplicate sequences: done in 8.0284e-05 secs using 99.65% CPU

Create initial parsimony tree by phylogenetic likelihood library (PLL)... 0.01 seconds

NOTE: 1 MB RAM (0 GB) is required!
Estimate model parameters (epsilon = 0.50)
1. Initial log-likelihood: -15297.79
2. Current log-likelihood: -15126.51
3. Current log-likelihood: -15120.39
Optimal log-likelihood: -15120.16
Rate parameters:  A-C: 1.00782  A-G: 0.95774  A-T: 0.92377  C-G: 0.87482  C-T: 0.95327  G-T: 1.00000
Base frequencies:  A: 0.348  C: 0.203  G: 0.252  T: 0.196
Proportion of invariable sites: 0.007
Gamma shape alpha: 1.084
Parameters optimization took 3 rounds (0.111 sec)
Wrote distance file to... 
Computing ML distances based on estimated model parameters...
Calculating distance matrix: done in 0.00449251 secs using 98.94% CPU
Computing ML distances took 0.004571 sec (of wall-clock time) 0.004523 sec (of CPU time)
WARNING: Some pairwise ML distances are too long (saturated)
Setting up auxiliary I and S matrices: done in 3.6776e-05 secs
Constructing RapidNJ tree: done in 0.000109943 secs using 51.85% CPU
Computing RapidNJ tree took 0.000168 sec (of wall-clock time) 0.000065 sec (of CPU time)
Log-likelihood of RapidNJ tree: -15123.377
--------------------------------------------------------------------
|             INITIALIZING CANDIDATE TREE SET                      |
--------------------------------------------------------------------

Do NNI search on 2 best initial trees
Estimate model parameters (epsilon = 0.500)
BETTER TREE FOUND at iteration 1: -15112.198
Estimate model parameters (epsilon = 0.500)
BETTER TREE FOUND at iteration 2: -15111.069
Finish initializing candidate tree set (4)
Current best tree score: -15111.069 / CPU time: 0.084
Number of iterations: 2
TREE SEARCH COMPLETED AFTER 2 ITERATIONS / Time: 0h:0m:0s

--------------------------------------------------------------------
|                    FINALIZING TREE SEARCH                        |
--------------------------------------------------------------------
Performs final model parameters optimization
Estimate model parameters (epsilon = 0.050)
1. Initial log-likelihood: -15111.069
Optimal log-likelihood: -15111.064
Rate parameters:  A-C: 0.99552  A-G: 0.94634  A-T: 0.91736  C-G: 0.86436  C-T: 0.95059  G-T: 1.00000
Base frequencies:  A: 0.348  C: 0.203  G: 0.252  T: 0.196
Proportion of invariable sites: 0.006
Gamma shape alpha: 1.062
Parameters optimization took 1 rounds (0.010 sec)
BEST SCORE FOUND : -15111.064
Total tree length: 19.936

Total number of iterations: 2
CPU time used for tree search: 0.084 sec (0h:0m:0s)
Wall-clock time used for tree search: 0.084 sec (0h:0m:0s)
Total CPU time used: 0.242 sec (0h:0m:0s)
Total wall-clock time used: 0.252 sec (0h:0m:0s)

Analysis results written to: 
  IQ-TREE report:                data/18_infer.iqtree
  Maximum-likelihood tree:       data/18_infer.treefile
  Likelihood distances:          data/18_infer.mldist
  Screen log file:               data/18_infer.log

Date and Time: Fri Apr 10 19:46:25 2026
