IQ-TREE version 3.1.1 for Linux x86 64-bit built Apr  8 2026
Developed by Bui Quang Minh, Thomas Wong, Nhan Ly-Trong, Huaiyan Ren
Contributed by Lam-Tung Nguyen, Dominik Schrempf, Chris Bielow,
Olga Chernomor, Michael Woodhams, Diep Thi Hoang, Heiko Schmidt

Host:    ha-ThinkPad-E14-Gen-5 (AVX2, FMA3, 31 GB RAM)
Command: iqtree3 --alisim data/1 -t data/1_gt.newick -m GTR+I+G --length 500 --seed 1
Seed:    1 (Using SPRNG - Scalable Parallel Random Number Generator)
Time:    Fri Apr 10 19:55:26 2026
Kernel:  AVX+FMA - 1 threads (16 CPU cores detected)

[Alignment Simulator] Executing
WARNING: Without Inference Mode, we strongly recommend users to specify model parameters for more accuracy simulations. Users could use <Model_Name>{<param_0>/.../<param_n>} to specify the model parameters. For the model GTR, users should provide 5 params (see User Manuals).
WARNING: GTR must have unequal base frequencies. The base frequencies could be randomly generated if users do not provide them. However, we strongly recommend users specify the base frequencies by using +F{freq1/.../freqN} for better simulation accuracy.
 - Tree filepath: data/1_gt.newick
 - Length of output sequences: 500
 - Model: GTR+I+G
 - Number of output datasets: 1
 - Number of threads: 1
SUBSTITUTION PROCESS
--------------------

Model of substitution: GTR+F+I+G4

Rate parameter R:

  A-C: 1.000
  A-G: 1.000
  A-T: 1.000
  C-G: 1.000
  C-T: 1.000
  G-T: 1.000

State frequencies: (empirical counts from alignment)

  pi(A) = 0.354
  pi(C) = 0.222
  pi(G) = 0.215
  pi(T) = 0.209

Rate matrix Q:

  A    -0.878     0.302     0.292     0.284
  C     0.481     -1.06     0.292     0.284
  G     0.481     0.302     -1.07     0.284
  T     0.481     0.302     0.292     -1.08

Model of rate heterogeneity: Invar+Gamma with 4 categories
Proportion of invariable sites: 0
Gamma shape alpha: 1

 Category  Relative_rate  Proportion
  1         0.137          0.25
  2         0.477          0.25
  3         1              0.25
  4         2.39           0.25
Relative rates are computed as MEAN of the portion of the Gamma distribution falling in the category.

An alignment written to data/1.phy
Screen log file: data/1_gt.newick.log
[Alignment Simulator] Done
Simulation CPU time: 0.033 sec (0h:0m:0s)
Simulation wall-clock time: 0.035 sec (0h:0m:0s)

Date and Time: Fri Apr 10 19:55:26 2026
