IQ-TREE version 3.1.1 for Linux x86 64-bit built Apr  8 2026
Developed by Bui Quang Minh, Thomas Wong, Nhan Ly-Trong, Huaiyan Ren
Contributed by Lam-Tung Nguyen, Dominik Schrempf, Chris Bielow,
Olga Chernomor, Michael Woodhams, Diep Thi Hoang, Heiko Schmidt

Host:    ha-ThinkPad-E14-Gen-5 (AVX2, FMA3, 31 GB RAM)
Command: /home/ha/miniconda3/envs/thesis/bin/iqtree3 -s data/1.phy -m GTR+I+G --prefix data/1_infer -fast --seed 1
Seed:    1 (Using SPRNG - Scalable Parallel Random Number Generator)
Time:    Thu Apr  9 22:03:46 2026
Kernel:  AVX+FMA - 1 threads (16 CPU cores detected)

HINT: Use -nt option to specify number of threads because your CPU has 16 cores!
HINT: -nt AUTO will automatically determine the best number of threads to use.

Reading alignment file data/1.phy ... Phylip format detected
Alignment most likely contains DNA/RNA sequences
Constructing alignment: done in 0.000653333 secs using 46.68% CPU
Alignment has 30 sequences with 500 columns, 487 distinct patterns
468 parsimony-informative, 17 singleton sites, 15 constant sites
Analyzing sequences: done in 5.7004e-05 secs
Checking for duplicate sequences: done in 0.000107882 secs

Create initial parsimony tree by phylogenetic likelihood library (PLL)... 0.00 seconds

NOTE: 1 MB RAM (0 GB) is required!
Estimate model parameters (epsilon = 0.50)
1. Initial log-likelihood: -14167.12
2. Current log-likelihood: -13994.64
3. Current log-likelihood: -13984.57
Optimal log-likelihood: -13984.21
Rate parameters:  A-C: 1.02288  A-G: 1.10717  A-T: 1.19068  C-G: 1.03983  C-T: 1.11845  G-T: 1.00000
Base frequencies:  A: 0.356  C: 0.226  G: 0.216  T: 0.202
Proportion of invariable sites: 0.008
Gamma shape alpha: 1.044
Parameters optimization took 3 rounds (0.069 sec)
Wrote distance file to... 
Computing ML distances based on estimated model parameters...
Calculating distance matrix: done in 0.00619127 secs using 99.28% CPU
Computing ML distances took 0.006341 sec (of wall-clock time) 0.006297 sec (of CPU time)
WARNING: Some pairwise ML distances are too long (saturated)
Setting up auxiliary I and S matrices: done in 0.000136291 secs
Constructing RapidNJ tree: done in 0.000352029 secs
Computing RapidNJ tree took 0.000617 sec (of wall-clock time) 0.000000 sec (of CPU time)
Log-likelihood of RapidNJ tree: -13982.889
--------------------------------------------------------------------
|             INITIALIZING CANDIDATE TREE SET                      |
--------------------------------------------------------------------

Do NNI search on 2 best initial trees
Estimate model parameters (epsilon = 0.500)
BETTER TREE FOUND at iteration 1: -13970.618
Finish initializing candidate tree set (3)
Current best tree score: -13970.618 / CPU time: 0.058
Number of iterations: 2
TREE SEARCH COMPLETED AFTER 2 ITERATIONS / Time: 0h:0m:0s

--------------------------------------------------------------------
|                    FINALIZING TREE SEARCH                        |
--------------------------------------------------------------------
Performs final model parameters optimization
Estimate model parameters (epsilon = 0.050)
1. Initial log-likelihood: -13970.618
Optimal log-likelihood: -13970.587
Rate parameters:  A-C: 1.03038  A-G: 1.10961  A-T: 1.19197  C-G: 1.04329  C-T: 1.10909  G-T: 1.00000
Base frequencies:  A: 0.356  C: 0.226  G: 0.216  T: 0.202
Proportion of invariable sites: 0.007
Gamma shape alpha: 1.017
Parameters optimization took 1 rounds (0.009 sec)
BEST SCORE FOUND : -13970.587
Total tree length: 16.659

Total number of iterations: 2
CPU time used for tree search: 0.057 sec (0h:0m:0s)
Wall-clock time used for tree search: 0.059 sec (0h:0m:0s)
Total CPU time used: 0.214 sec (0h:0m:0s)
Total wall-clock time used: 0.219 sec (0h:0m:0s)

Analysis results written to: 
  IQ-TREE report:                data/1_infer.iqtree
  Maximum-likelihood tree:       data/1_infer.treefile
  Likelihood distances:          data/1_infer.mldist
  Screen log file:               data/1_infer.log

Date and Time: Thu Apr  9 22:03:46 2026
