
RAxML-NG v. 1.2.2 released on 11.04.2024 by The Exelixis Lab.
Developed by: Alexey M. Kozlov and Alexandros Stamatakis.
Contributors: Diego Darriba, Tomas Flouri, Benoit Morel, Sarah Lutteropp, Ben Bettisworth, Julia Haag, Anastasis Togkousidis.
Latest version: https://github.com/amkozlov/raxml-ng
Questions/problems/suggestions? Please visit: https://groups.google.com/forum/#!forum/raxml

System: 13th Gen Intel(R) Core(TM) i5-13500H, 12 cores, 31 GB RAM (allocated: 8 physical cores)

RAxML-NG was called at 10-Apr-2026 19:55:26 as follows:

raxml-ng --evaluate --msa data/2.phy --tree data/2_tmp.tre --model GTR+I+G --prefix data/2_opt --threads 1 --force perf_threads

Analysis options:
  run mode: Evaluate tree likelihood
  start tree(s): user
  random seed: 1775825726
  tip-inner: OFF
  pattern compression: ON
  per-rate scalers: OFF
  site repeats: ON
  logLH epsilon: general: 0.100000, brlen-triplet: 1000.000000
  branch lengths: proportional (ML estimate, algorithm: NR-FAST)
  SIMD kernels: AVX2
  parallelization: coarse-grained (auto), NONE/sequential

WARNING: Running in FORCE mode: some safety checks are disabled!

[00:00:00] Reading alignment from file: data/2.phy
[00:00:00] Loaded alignment with 30 taxa and 500 sites

Alignment comprises 1 partitions and 497 patterns

Partition 0: noname
Model: GTR+FO+I+G4m
Alignment sites / patterns: 500 / 497
Gaps: 0.00 %
Invariant sites: 1.40 %


NOTE: Binary MSA file created: data/2_opt.raxml.rba

Parallelization scheme autoconfig: 1 worker(s) x 1 thread(s)

[00:00:00] Loading user starting tree(s) from: data/2_tmp.tre
Parallel reduction/worker buffer size: 1 KB  / 0 KB

[00:00:00] Data distribution: max. partitions/sites/weight per thread: 1 / 497 / 7952
[00:00:00] Data distribution: max. searches per worker: 1

Evaluating 1 trees

[00:00:00] Tree #1, initial LogLikelihood: -19121.893923

[00:00:00 -19121.893923] Initial branch length optimization
[00:00:00 -17120.198984] Model parameter optimization (eps = 0.100000)

[00:00:00] Tree #1, final logLikelihood: -17019.698964


Optimized model parameters:

   Partition 0: noname
   Rate heterogeneity: GAMMA (4 cats, mean),  alpha: 0.778486 (ML),  weights&rates: (0.250000,0.090973) (0.250000,0.398326) (0.250000,0.950811) (0.250000,2.559890) 
   P-inv (ML): 0.012026
   Base frequencies (ML): 0.274098 0.237205 0.201263 0.287434 
   Substitution rates (ML): 0.928783 0.972206 1.147083 0.955493 1.085146 1.000000 


Final LogLikelihood: -17019.698964

AIC score: 34173.397928 / AICc score: 34194.490521 / BIC score: 34455.776671
Free parameters (model + branch lengths): 67

WARNING: Best ML tree contains 20 near-zero branches!

Best ML tree with collapsed near-zero branches saved to: /home/ha/Code/final_thesis/data/2_opt.raxml.bestTreeCollapsed
Best ML tree saved to: /home/ha/Code/final_thesis/data/2_opt.raxml.bestTree
Optimized model saved to: /home/ha/Code/final_thesis/data/2_opt.raxml.bestModel

Execution log saved to: /home/ha/Code/final_thesis/data/2_opt.raxml.log

Analysis started: 10-Apr-2026 19:55:26 / finished: 10-Apr-2026 19:55:27

Elapsed time: 0.243 seconds

