IQ-TREE version 3.1.1 for Linux x86 64-bit built Apr  8 2026
Developed by Bui Quang Minh, Thomas Wong, Nhan Ly-Trong, Huaiyan Ren
Contributed by Lam-Tung Nguyen, Dominik Schrempf, Chris Bielow,
Olga Chernomor, Michael Woodhams, Diep Thi Hoang, Heiko Schmidt

Host:    ha-ThinkPad-E14-Gen-5 (AVX2, FMA3, 31 GB RAM)
Command: /home/ha/miniconda3/envs/thesis/bin/iqtree3 -s data/3.phy -m GTR+I+G --prefix data/3_infer -fast --seed 3
Seed:    3 (Using SPRNG - Scalable Parallel Random Number Generator)
Time:    Thu Apr  9 22:03:47 2026
Kernel:  AVX+FMA - 1 threads (16 CPU cores detected)

HINT: Use -nt option to specify number of threads because your CPU has 16 cores!
HINT: -nt AUTO will automatically determine the best number of threads to use.

Reading alignment file data/3.phy ... Phylip format detected
Alignment most likely contains DNA/RNA sequences
Constructing alignment: done in 0.000415881 secs using 99.55% CPU
Alignment has 30 sequences with 500 columns, 489 distinct patterns
466 parsimony-informative, 19 singleton sites, 15 constant sites
Analyzing sequences: done in 4.6701e-05 secs using 96.36% CPU
Checking for duplicate sequences: done in 8.3625e-05 secs using 99.25% CPU

Create initial parsimony tree by phylogenetic likelihood library (PLL)... 0.00 seconds

NOTE: 1 MB RAM (0 GB) is required!
Estimate model parameters (epsilon = 0.50)
1. Initial log-likelihood: -13719.83
2. Current log-likelihood: -13529.82
3. Current log-likelihood: -13522.45
Optimal log-likelihood: -13522.12
Rate parameters:  A-C: 1.10608  A-G: 1.10208  A-T: 1.09680  C-G: 1.13739  C-T: 0.97355  G-T: 1.00000
Base frequencies:  A: 0.344  C: 0.270  G: 0.135  T: 0.252
Proportion of invariable sites: 0.010
Gamma shape alpha: 1.074
Parameters optimization took 3 rounds (0.117 sec)
Wrote distance file to... 
Computing ML distances based on estimated model parameters...
Calculating distance matrix: done in 0.00804184 secs using 99.75% CPU
Computing ML distances took 0.008197 sec (of wall-clock time) 0.008179 sec (of CPU time)
Setting up auxiliary I and S matrices: done in 0.000141023 secs using 99.27% CPU
Constructing RapidNJ tree: done in 0.00036194 secs using 279.1% CPU
Computing RapidNJ tree took 0.000628 sec (of wall-clock time) 0.001389 sec (of CPU time)
Log-likelihood of RapidNJ tree: -13461.497
--------------------------------------------------------------------
|             INITIALIZING CANDIDATE TREE SET                      |
--------------------------------------------------------------------

Do NNI search on 2 best initial trees
Estimate model parameters (epsilon = 0.500)
BETTER TREE FOUND at iteration 1: -13459.784
Finish initializing candidate tree set (4)
Current best tree score: -13459.784 / CPU time: 0.189
Number of iterations: 2
TREE SEARCH COMPLETED AFTER 2 ITERATIONS / Time: 0h:0m:0s

--------------------------------------------------------------------
|                    FINALIZING TREE SEARCH                        |
--------------------------------------------------------------------
Performs final model parameters optimization
Estimate model parameters (epsilon = 0.050)
1. Initial log-likelihood: -13459.784
Optimal log-likelihood: -13459.754
Rate parameters:  A-C: 1.11136  A-G: 1.09501  A-T: 1.07786  C-G: 1.13685  C-T: 0.99377  G-T: 1.00000
Base frequencies:  A: 0.344  C: 0.270  G: 0.135  T: 0.252
Proportion of invariable sites: 0.009
Gamma shape alpha: 1.056
Parameters optimization took 1 rounds (0.012 sec)
BEST SCORE FOUND : -13459.754
Total tree length: 16.500

Total number of iterations: 2
CPU time used for tree search: 0.184 sec (0h:0m:0s)
Wall-clock time used for tree search: 0.189 sec (0h:0m:0s)
Total CPU time used: 0.399 sec (0h:0m:0s)
Total wall-clock time used: 0.409 sec (0h:0m:0s)

Analysis results written to: 
  IQ-TREE report:                data/3_infer.iqtree
  Maximum-likelihood tree:       data/3_infer.treefile
  Likelihood distances:          data/3_infer.mldist
  Screen log file:               data/3_infer.log

Date and Time: Thu Apr  9 22:03:47 2026
