IQ-TREE version 3.1.1 for Linux x86 64-bit built Apr  8 2026
Developed by Bui Quang Minh, Thomas Wong, Nhan Ly-Trong, Huaiyan Ren
Contributed by Lam-Tung Nguyen, Dominik Schrempf, Chris Bielow,
Olga Chernomor, Michael Woodhams, Diep Thi Hoang, Heiko Schmidt

Host:    ha-ThinkPad-E14-Gen-5 (AVX2, FMA3, 31 GB RAM)
Command: /home/ha/miniconda3/envs/thesis/bin/iqtree3 -s data/14.phy -m GTR+I+G --prefix data/14_infer -fast --seed 14
Seed:    14 (Using SPRNG - Scalable Parallel Random Number Generator)
Time:    Fri Apr 10 19:46:23 2026
Kernel:  AVX+FMA - 1 threads (16 CPU cores detected)

HINT: Use -nt option to specify number of threads because your CPU has 16 cores!
HINT: -nt AUTO will automatically determine the best number of threads to use.

Reading alignment file data/14.phy ... Phylip format detected
Alignment most likely contains DNA/RNA sequences
Constructing alignment: done in 0.000423443 secs using 85.02% CPU
Alignment has 30 sequences with 500 columns, 486 distinct patterns
460 parsimony-informative, 23 singleton sites, 17 constant sites
Analyzing sequences: done in 3.4415e-05 secs using 98.79% CPU
Checking for duplicate sequences: done in 7.843e-05 secs using 99.45% CPU

Create initial parsimony tree by phylogenetic likelihood library (PLL)... 0.00 seconds

NOTE: 1 MB RAM (0 GB) is required!
Estimate model parameters (epsilon = 0.50)
1. Initial log-likelihood: -12940.52
2. Current log-likelihood: -12768.07
3. Current log-likelihood: -12759.10
Optimal log-likelihood: -12758.87
Rate parameters:  A-C: 1.43215  A-G: 1.15343  A-T: 1.18799  C-G: 1.19476  C-T: 1.26990  G-T: 1.00000
Base frequencies:  A: 0.348  C: 0.169  G: 0.187  T: 0.297
Proportion of invariable sites: 0.011
Gamma shape alpha: 1.144
Parameters optimization took 3 rounds (0.167 sec)
Wrote distance file to... 
Computing ML distances based on estimated model parameters...
Calculating distance matrix: done in 0.00377208 secs using 100% CPU
Computing ML distances took 0.003883 sec (of wall-clock time) 0.003886 sec (of CPU time)
Setting up auxiliary I and S matrices: done in 5.8727e-05 secs using 34.06% CPU
Constructing RapidNJ tree: done in 0.000163914 secs
Computing RapidNJ tree took 0.000268 sec (of wall-clock time) 0.000030 sec (of CPU time)
Log-likelihood of RapidNJ tree: -12812.503
--------------------------------------------------------------------
|             INITIALIZING CANDIDATE TREE SET                      |
--------------------------------------------------------------------

Do NNI search on 2 best initial trees
Estimate model parameters (epsilon = 0.500)
BETTER TREE FOUND at iteration 1: -12740.938
Finish initializing candidate tree set (3)
Current best tree score: -12740.938 / CPU time: 0.120
Number of iterations: 2
TREE SEARCH COMPLETED AFTER 2 ITERATIONS / Time: 0h:0m:0s

--------------------------------------------------------------------
|                    FINALIZING TREE SEARCH                        |
--------------------------------------------------------------------
Performs final model parameters optimization
Estimate model parameters (epsilon = 0.050)
1. Initial log-likelihood: -12740.938
Optimal log-likelihood: -12740.915
Rate parameters:  A-C: 1.43817  A-G: 1.15392  A-T: 1.19817  C-G: 1.20840  C-T: 1.28938  G-T: 1.00000
Base frequencies:  A: 0.348  C: 0.169  G: 0.187  T: 0.297
Proportion of invariable sites: 0.010
Gamma shape alpha: 1.128
Parameters optimization took 1 rounds (0.023 sec)
BEST SCORE FOUND : -12740.915
Total tree length: 14.568

Total number of iterations: 2
CPU time used for tree search: 0.117 sec (0h:0m:0s)
Wall-clock time used for tree search: 0.121 sec (0h:0m:0s)
Total CPU time used: 0.345 sec (0h:0m:0s)
Total wall-clock time used: 0.354 sec (0h:0m:0s)

Analysis results written to: 
  IQ-TREE report:                data/14_infer.iqtree
  Maximum-likelihood tree:       data/14_infer.treefile
  Likelihood distances:          data/14_infer.mldist
  Screen log file:               data/14_infer.log

Date and Time: Fri Apr 10 19:46:24 2026
