IQ-TREE version 3.1.1 for Linux x86 64-bit built Apr  8 2026
Developed by Bui Quang Minh, Thomas Wong, Nhan Ly-Trong, Huaiyan Ren
Contributed by Lam-Tung Nguyen, Dominik Schrempf, Chris Bielow,
Olga Chernomor, Michael Woodhams, Diep Thi Hoang, Heiko Schmidt

Host:    ha-ThinkPad-E14-Gen-5 (AVX2, FMA3, 31 GB RAM)
Command: /home/ha/miniconda3/envs/thesis/bin/iqtree3 -s data/12.phy -m GTR+I+G --prefix data/12_infer -fast --seed 12
Seed:    12 (Using SPRNG - Scalable Parallel Random Number Generator)
Time:    Fri Apr 10 19:46:23 2026
Kernel:  AVX+FMA - 1 threads (16 CPU cores detected)

HINT: Use -nt option to specify number of threads because your CPU has 16 cores!
HINT: -nt AUTO will automatically determine the best number of threads to use.

Reading alignment file data/12.phy ... Phylip format detected
Alignment most likely contains DNA/RNA sequences
Constructing alignment: done in 0.000480053 secs using 99.78% CPU
Alignment has 30 sequences with 500 columns, 494 distinct patterns
466 parsimony-informative, 26 singleton sites, 8 constant sites
Analyzing sequences: done in 6.3187e-05 secs using 98.12% CPU
Checking for duplicate sequences: done in 9.6949e-05 secs using 99.02% CPU

Create initial parsimony tree by phylogenetic likelihood library (PLL)... 0.00 seconds

NOTE: 1 MB RAM (0 GB) is required!
Estimate model parameters (epsilon = 0.50)
1. Initial log-likelihood: -14133.54
2. Current log-likelihood: -13937.09
3. Current log-likelihood: -13930.54
Optimal log-likelihood: -13930.20
Rate parameters:  A-C: 1.14252  A-G: 0.88707  A-T: 0.93868  C-G: 1.05416  C-T: 1.01418  G-T: 1.00000
Base frequencies:  A: 0.275  C: 0.219  G: 0.238  T: 0.267
Proportion of invariable sites: 0.002
Gamma shape alpha: 0.991
Parameters optimization took 3 rounds (0.179 sec)
Wrote distance file to... 
Computing ML distances based on estimated model parameters...
Calculating distance matrix: done in 0.00226206 secs using 99.86% CPU
Computing ML distances took 0.002313 sec (of wall-clock time) 0.002312 sec (of CPU time)
WARNING: Some pairwise ML distances are too long (saturated)
Setting up auxiliary I and S matrices: done in 3.0139e-05 secs using 99.54% CPU
Constructing RapidNJ tree: done in 8.9128e-05 secs using 99.86% CPU
Computing RapidNJ tree took 0.000146 sec (of wall-clock time) 0.000145 sec (of CPU time)
Log-likelihood of RapidNJ tree: -13958.354
--------------------------------------------------------------------
|             INITIALIZING CANDIDATE TREE SET                      |
--------------------------------------------------------------------

Do NNI search on 2 best initial trees
Estimate model parameters (epsilon = 0.500)
BETTER TREE FOUND at iteration 1: -13911.865
Finish initializing candidate tree set (4)
Current best tree score: -13911.865 / CPU time: 0.127
Number of iterations: 2
TREE SEARCH COMPLETED AFTER 2 ITERATIONS / Time: 0h:0m:0s

--------------------------------------------------------------------
|                    FINALIZING TREE SEARCH                        |
--------------------------------------------------------------------
Performs final model parameters optimization
Estimate model parameters (epsilon = 0.050)
1. Initial log-likelihood: -13911.865
Optimal log-likelihood: -13911.811
Rate parameters:  A-C: 1.13272  A-G: 0.88694  A-T: 0.94550  C-G: 1.05238  C-T: 0.99887  G-T: 1.00000
Base frequencies:  A: 0.275  C: 0.219  G: 0.238  T: 0.267
Proportion of invariable sites: 0.002
Gamma shape alpha: 0.978
Parameters optimization took 1 rounds (0.008 sec)
BEST SCORE FOUND : -13911.811
Total tree length: 19.977

Total number of iterations: 2
CPU time used for tree search: 0.125 sec (0h:0m:0s)
Wall-clock time used for tree search: 0.127 sec (0h:0m:0s)
Total CPU time used: 0.347 sec (0h:0m:0s)
Total wall-clock time used: 0.350 sec (0h:0m:0s)

Analysis results written to: 
  IQ-TREE report:                data/12_infer.iqtree
  Maximum-likelihood tree:       data/12_infer.treefile
  Likelihood distances:          data/12_infer.mldist
  Screen log file:               data/12_infer.log

Date and Time: Fri Apr 10 19:46:23 2026
