IQ-TREE version 3.1.1 for Linux x86 64-bit built Apr  8 2026
Developed by Bui Quang Minh, Thomas Wong, Nhan Ly-Trong, Huaiyan Ren
Contributed by Lam-Tung Nguyen, Dominik Schrempf, Chris Bielow,
Olga Chernomor, Michael Woodhams, Diep Thi Hoang, Heiko Schmidt

Host:    ha-ThinkPad-E14-Gen-5 (AVX2, FMA3, 31 GB RAM)
Command: /home/ha/miniconda3/envs/thesis/bin/iqtree3 -s data/17.phy -m GTR+I+G --prefix data/17_infer -fast --seed 17
Seed:    17 (Using SPRNG - Scalable Parallel Random Number Generator)
Time:    Fri Apr 10 19:46:24 2026
Kernel:  AVX+FMA - 1 threads (16 CPU cores detected)

HINT: Use -nt option to specify number of threads because your CPU has 16 cores!
HINT: -nt AUTO will automatically determine the best number of threads to use.

Reading alignment file data/17.phy ... Phylip format detected
Alignment most likely contains DNA/RNA sequences
Constructing alignment: done in 0.00129927 secs using 82.58% CPU
Alignment has 30 sequences with 500 columns, 498 distinct patterns
468 parsimony-informative, 27 singleton sites, 5 constant sites
Analyzing sequences: done in 0.000191377 secs using 97.71% CPU
Checking for duplicate sequences: done in 0.000293566 secs using 98.79% CPU

Create initial parsimony tree by phylogenetic likelihood library (PLL)... 0.01 seconds

NOTE: 1 MB RAM (0 GB) is required!
Estimate model parameters (epsilon = 0.50)
1. Initial log-likelihood: -15168.23
2. Current log-likelihood: -14948.24
3. Current log-likelihood: -14939.92
Optimal log-likelihood: -14939.34
Rate parameters:  A-C: 0.99779  A-G: 1.01089  A-T: 1.02244  C-G: 1.01803  C-T: 0.93953  G-T: 1.00000
Base frequencies:  A: 0.258  C: 0.205  G: 0.304  T: 0.234
Proportion of invariable sites: 0.001
Gamma shape alpha: 0.966
Parameters optimization took 3 rounds (0.177 sec)
Wrote distance file to... 
Computing ML distances based on estimated model parameters...
Calculating distance matrix: done in 0.0140341 secs using 92.82% CPU
Computing ML distances took 0.014510 sec (of wall-clock time) 0.013365 sec (of CPU time)
WARNING: Some pairwise ML distances are too long (saturated)
Setting up auxiliary I and S matrices: done in 0.000105077 secs using 98.98% CPU
Constructing RapidNJ tree: done in 0.000337897 secs using 172.5% CPU
Computing RapidNJ tree took 0.001133 sec (of wall-clock time) 0.001370 sec (of CPU time)
Log-likelihood of RapidNJ tree: -14936.697
--------------------------------------------------------------------
|             INITIALIZING CANDIDATE TREE SET                      |
--------------------------------------------------------------------

Do NNI search on 2 best initial trees
Estimate model parameters (epsilon = 0.500)
BETTER TREE FOUND at iteration 1: -14907.427
Finish initializing candidate tree set (3)
Current best tree score: -14907.427 / CPU time: 0.149
Number of iterations: 2
TREE SEARCH COMPLETED AFTER 2 ITERATIONS / Time: 0h:0m:0s

--------------------------------------------------------------------
|                    FINALIZING TREE SEARCH                        |
--------------------------------------------------------------------
Performs final model parameters optimization
Estimate model parameters (epsilon = 0.050)
1. Initial log-likelihood: -14907.427
Optimal log-likelihood: -14907.400
Rate parameters:  A-C: 0.97895  A-G: 0.99832  A-T: 1.01162  C-G: 1.00146  C-T: 0.94858  G-T: 1.00000
Base frequencies:  A: 0.258  C: 0.205  G: 0.304  T: 0.234
Proportion of invariable sites: 0.001
Gamma shape alpha: 0.953
Parameters optimization took 1 rounds (0.008 sec)
BEST SCORE FOUND : -14907.400
Total tree length: 24.326

Total number of iterations: 2
CPU time used for tree search: 0.146 sec (0h:0m:0s)
Wall-clock time used for tree search: 0.149 sec (0h:0m:0s)
Total CPU time used: 0.432 sec (0h:0m:0s)
Total wall-clock time used: 0.444 sec (0h:0m:0s)

Analysis results written to: 
  IQ-TREE report:                data/17_infer.iqtree
  Maximum-likelihood tree:       data/17_infer.treefile
  Likelihood distances:          data/17_infer.mldist
  Screen log file:               data/17_infer.log

Date and Time: Fri Apr 10 19:46:25 2026
